  2.0000000e+001 -2.0667175e-002  3.2918556e-001  4.9934416e-002  3.4370758e-001
  4.0000000e+001 -3.1672087e-003  3.2107172e-001  1.9412472e-002  3.6235661e-001
  6.0000000e+001 -1.3061140e-002  3.3157828e-001  3.3193431e-002  3.7327039e-001
  8.0000000e+001  1.1603457e-002  3.4798645e-001  3.1095986e-002  3.6887075e-001
  1.0000000e+002  4.7407406e-002  3.5544292e-001  5.8800713e-002  3.6621173e-001
  1.2000000e+002  1.6571049e-001  4.0076088e-001  1.8421075e-001  4.1704239e-001
  1.4000000e+002  2.9180688e-001  4.5855114e-001  3.2859193e-001  4.6419688e-001
  1.6000000e+002  3.5168135e-001  4.9407809e-001  4.4425805e-001  4.9509722e-001
  1.8000000e+002  3.8511571e-001  5.0572581e-001  5.4119871e-001  5.1615255e-001
  2.0000000e+002  4.1738666e-001  5.1643837e-001  6.2847988e-001  5.4165984e-001
  2.2000000e+002  4.5003088e-001  5.1896925e-001  7.0596228e-001  5.6236700e-001
  2.4000000e+002  4.7458569e-001  5.2524899e-001  7.5345835e-001  5.7601098e-001
  2.6000000e+002  4.9311093e-001  5.3202943e-001  7.8243711e-001  5.8501814e-001
  2.8000000e+002  5.1379246e-001  5.3800519e-001  8.0498462e-001  5.9552496e-001
  3.0000000e+002  5.2874653e-001  5.4241628e-001  8.2292403e-001  6.0682143e-001
  3.2000000e+002  5.3394455e-001  5.4752334e-001  8.4001294e-001  6.1811104e-001
  3.4000000e+002  5.3328341e-001  5.5007247e-001  8.5023658e-001  6.2556936e-001
  3.6000000e+002  5.3137322e-001  5.5517132e-001  8.5598504e-001  6.3309732e-001
  3.8000000e+002  5.2237904e-001  5.5610861e-001  8.6471756e-001  6.3806285e-001
  4.0000000e+002  5.1993846e-001  5.5958767e-001  8.7182647e-001  6.4293154e-001
  4.2000000e+002  5.1511912e-001  5.6442436e-001  8.7558583e-001  6.4699231e-001
  4.4000000e+002  5.1452539e-001  5.6910847e-001  8.7978418e-001  6.4947465e-001
  4.6000000e+002  5.1125119e-001  5.7177236e-001  8.8363323e-001  6.5366991e-001
  4.8000000e+002  5.0554368e-001  5.7283162e-001  8.8594357e-001  6.5646837e-001
  5.0000000e+002  5.0268075e-001  5.7470595e-001  8.9015913e-001  6.5906583e-001
  5.2000000e+002  5.0205404e-001  5.7605605e-001  8.9206714e-001  6.6196009e-001
  5.4000000e+002  4.9800656e-001  5.7849982e-001  8.9348247e-001  6.6450968e-001
  5.6000000e+002  4.9442330e-001  5.7886220e-001  8.9181744e-001  6.6705219e-001
  5.8000000e+002  4.9225963e-001  5.8055429e-001  8.9274537e-001  6.6986445e-001
  6.0000000e+002  4.8951602e-001  5.8199636e-001  8.9173390e-001  6.7171355e-001
  6.2000000e+002  4.8664540e-001  5.8433655e-001  8.9122474e-001  6.7351739e-001
  6.4000000e+002  4.8425341e-001  5.8636136e-001  8.9279454e-001  6.7630123e-001
  6.6000000e+002  4.8165744e-001  5.8750713e-001  8.9022282e-001  6.7638764e-001
  6.8000000e+002  4.7849538e-001  5.8837901e-001  8.8637292e-001  6.7783562e-001
  7.0000000e+002  4.7619709e-001  5.9027919e-001  8.8247191e-001  6.7894920e-001
  7.2000000e+002  4.7450840e-001  5.9251521e-001  8.7895523e-001  6.8030726e-001
  7.4000000e+002  4.6923451e-001  5.9450993e-001  8.7871630e-001  6.8200357e-001
  7.6000000e+002  4.6443349e-001  5.9643350e-001  8.7672545e-001  6.8341549e-001
  7.8000000e+002  4.6184824e-001  5.9852622e-001  8.7452092e-001  6.8429654e-001
  8.0000000e+002  4.5923776e-001  5.9896941e-001  8.7340053e-001  6.8587426e-001
  8.2000000e+002  4.5741428e-001  6.0094902e-001  8.7426449e-001  6.8695518e-001
  8.4000000e+002  4.5537423e-001  6.0224427e-001  8.7372010e-001  6.8829725e-001
  8.6000000e+002  4.5187490e-001  6.0229676e-001  8.7195257e-001  6.9020904e-001
  8.8000000e+002  4.4811985e-001  6.0320343e-001  8.7034891e-001  6.9144722e-001
  9.0000000e+002  4.4491629e-001  6.0468533e-001  8.6619851e-001  6.9214103e-001
  9.2000000e+002  4.4446592e-001  6.0523090e-001  8.6258717e-001  6.9361388e-001
  9.4000000e+002  4.4216287e-001  6.0513318e-001  8.5888113e-001  6.9452333e-001
  9.6000000e+002  4.4023069e-001  6.0626051e-001  8.5727764e-001  6.9585068e-001
  9.8000000e+002  4.3790019e-001  6.0619703e-001  8.5426294e-001  6.9668445e-001
  1.0000000e+003  4.3509403e-001  6.0614776e-001  8.5133846e-001  6.9703483e-001
