  2.0000000e+001  1.6674390e-001  3.2580164e-001  1.5041191e-001  3.2250582e-001
  4.0000000e+001  1.4594228e-001  3.2423114e-001  1.3416136e-001  3.2067520e-001
  6.0000000e+001  1.2477410e-001  3.2197548e-001  1.2481890e-001  3.2318661e-001
  8.0000000e+001  1.1813132e-001  3.2396899e-001  1.1933828e-001  3.1490066e-001
  1.0000000e+002  1.7237419e-001  3.2537082e-001  1.7738741e-001  3.2044444e-001
  1.2000000e+002  3.0657091e-001  3.6569492e-001  3.2375498e-001  3.5327580e-001
  1.4000000e+002  4.0967034e-001  4.0699296e-001  4.7485565e-001  3.9426631e-001
  1.6000000e+002  4.7743530e-001  4.4104533e-001  5.8748596e-001  4.2358828e-001
  1.8000000e+002  5.1547170e-001  4.6493560e-001  6.7519641e-001  4.4486159e-001
  2.0000000e+002  5.4168879e-001  4.8345993e-001  7.4078529e-001  4.6300770e-001
  2.2000000e+002  5.5729353e-001  4.9925344e-001  7.9360857e-001  4.8566087e-001
  2.4000000e+002  5.6371525e-001  5.1330034e-001  8.3155513e-001  5.0186554e-001
  2.6000000e+002  5.6677802e-001  5.2326703e-001  8.6210513e-001  5.1996343e-001
  2.8000000e+002  5.6702172e-001  5.3468034e-001  8.8558437e-001  5.3552500e-001
  3.0000000e+002  5.6633435e-001  5.4178571e-001  9.0419704e-001  5.5147879e-001
  3.2000000e+002  5.6329064e-001  5.4745692e-001  9.1751011e-001  5.6387399e-001
  3.4000000e+002  5.5978035e-001  5.5492970e-001  9.2853050e-001  5.7142449e-001
  3.6000000e+002  5.5327015e-001  5.5913891e-001  9.3751795e-001  5.8080404e-001
  3.8000000e+002  5.4724304e-001  5.6471387e-001  9.4483025e-001  5.8795351e-001
  4.0000000e+002  5.4055141e-001  5.6976133e-001  9.5061760e-001  5.9593359e-001
  4.2000000e+002  5.3183663e-001  5.7296342e-001  9.5303752e-001  6.0342225e-001
  4.4000000e+002  5.2374796e-001  5.7599673e-001  9.5576809e-001  6.1159478e-001
  4.6000000e+002  5.1728592e-001  5.7898771e-001  9.5607229e-001  6.1765316e-001
  4.8000000e+002  5.0770879e-001  5.8062879e-001  9.5517024e-001  6.2301904e-001
  5.0000000e+002  5.0001657e-001  5.8222991e-001  9.5520265e-001  6.2746561e-001
  5.2000000e+002  4.9221555e-001  5.8404540e-001  9.5526188e-001  6.3091654e-001
  5.4000000e+002  4.8568586e-001  5.8559611e-001  9.5483436e-001  6.3496973e-001
  5.6000000e+002  4.7792085e-001  5.8629324e-001  9.5479671e-001  6.3916365e-001
  5.8000000e+002  4.7110862e-001  5.8661581e-001  9.5501984e-001  6.4357325e-001
  6.0000000e+002  4.6504381e-001  5.8710228e-001  9.5389416e-001  6.4709898e-001
  6.2000000e+002  4.5814525e-001  5.8763386e-001  9.5330671e-001  6.4915723e-001
  6.4000000e+002  4.5200601e-001  5.8864400e-001  9.5298494e-001  6.5235025e-001
  6.6000000e+002  4.4771034e-001  5.8988800e-001  9.5226898e-001  6.5542467e-001
  6.8000000e+002  4.4207419e-001  5.8961170e-001  9.5091649e-001  6.5786613e-001
  7.0000000e+002  4.3656943e-001  5.8926738e-001  9.4930561e-001  6.5990600e-001
  7.2000000e+002  4.3179823e-001  5.8957457e-001  9.4829518e-001  6.6164572e-001
  7.4000000e+002  4.2588699e-001  5.9023855e-001  9.4705247e-001  6.6460918e-001
  7.6000000e+002  4.1958740e-001  5.8966435e-001  9.4546027e-001  6.6689501e-001
  7.8000000e+002  4.1336593e-001  5.9027507e-001  9.4452878e-001  6.6931876e-001
  8.0000000e+002  4.0869324e-001  5.9157971e-001  9.4387179e-001  6.7045464e-001
  8.2000000e+002  4.0461619e-001  5.9211832e-001  9.4229099e-001  6.7226552e-001
  8.4000000e+002  4.0007832e-001  5.9254831e-001  9.4010650e-001  6.7311275e-001
  8.6000000e+002  3.9586427e-001  5.9224112e-001  9.3865583e-001  6.7425584e-001
  8.8000000e+002  3.9206807e-001  5.9321081e-001  9.3808417e-001  6.7605555e-001
  9.0000000e+002  3.8804850e-001  5.9350758e-001  9.3673060e-001  6.7765422e-001
  9.2000000e+002  3.8519020e-001  5.9390914e-001  9.3573329e-001  6.7960032e-001
  9.4000000e+002  3.8097807e-001  5.9427602e-001  9.3477062e-001  6.8150972e-001
  9.6000000e+002  3.7719116e-001  5.9428488e-001  9.3404423e-001  6.8227921e-001
  9.8000000e+002  3.7376543e-001  5.9414611e-001  9.3316008e-001  6.8360733e-001
  1.0000000e+003  3.7059731e-001  5.9503463e-001  9.3254111e-001  6.8462029e-001
