#
# An unexpected error has been detected by Java Runtime Environment:
#
#  EXCEPTION_ACCESS_VIOLATION (0xc0000005) at pc=0x000000007d4cb0b0, pid=13372, tid=13280
#
# Java VM: Java HotSpot(TM) 64-Bit Server VM (11.2-b01 mixed mode windows-amd64)
# Problematic frame:
# C  [libmwgui.dll+0x7b0b0]
#
# If you would like to submit a bug report, please visit:
#   http://java.sun.com/webapps/bugreport/crash.jsp
# The crash happened outside the Java Virtual Machine in native code.
# See problematic frame for where to report the bug.
#

---------------  T H R E A D  ---------------

Current thread (0x0000000001771400):  JavaThread "main" [_thread_in_native, id=13280, stack(0x0000000000030000,0x0000000001030000)]

siginfo: ExceptionCode=0xc0000005, reading address 0x0000000000000000

Registers:
EAX=0x0000000000000000, EBX=0x0000000000000000, ECX=0x0000000000000000, EDX=0x0000000000000000
ESP=0x0000000001029628, EBP=0x0000000000000001, ESI=0x0000000000000000, EDI=0x0000000000000000
EIP=0x000000007d4cb0b0, EFLAGS=0x0000000000010206

Top of Stack: (sp=0x0000000001029628)
0x0000000001029628:   000000007941e79f 0000000037dc4ae0
0x0000000001029638:   000000007d4e529d 4024000000000000
0x0000000001029648:   000000007889ace0 0000000006fbc500
0x0000000001029658:   00000000793cd9c9 0000000000000000
0x0000000001029668:   0000000000000000 0000000006fbc5f0
0x0000000001029678:   000000007941e7ce 0000000006fbc500
0x0000000001029688:   0000000000000001 4024000000000000
0x0000000001029698:   0000000000000000 0000000000000000
0x00000000010296a8:   00000000793e27ae 0000000000000000
0x00000000010296b8:   0000000006fbc5f0 0000000000000001
0x00000000010296c8:   000000002d993198 0000000058477120
0x00000000010296d8:   000000007a56cc5e 0000000006fbc5f0
0x00000000010296e8:   0000000000000020 0000000000000002
0x00000000010296f8:   000000007cfeaf88 0000000006fbc5e0
0x0000000001029708:   000000003d97dc00 000000005868e780
0x0000000001029718:   000000003d97dc00 fffffffffffffffe 

Instructions: (pc=0x000000007d4cb0b0)
0x000000007d4cb0a0:   89 11 c3 cc cc cc cc cc cc cc cc cc cc cc cc cc
0x000000007d4cb0b0:   8b 01 c3 cc cc cc cc cc cc cc cc cc cc cc cc cc 


Stack: [0x0000000000030000,0x0000000001030000],  sp=0x0000000001029628,  free space=16357k
Native frames: (J=compiled Java code, j=interpreted, Vv=VM code, C=native code)
C  [libmwgui.dll+0x7b0b0]

Java frames: (J=compiled Java code, j=interpreted, Vv=VM code)
j  com.mathworks.jmi.NativeMatlab.SendMatlabMessage(Ljava/lang/Object;)Ljava/lang/Object;+0
j  com.mathworks.jmi.NativeMatlab.sendMatlabMessage(Ljava/lang/Object;)Ljava/lang/Object;+22
j  com.mathworks.jmi.MatlabLooper.sendMatlabMessage(Lcom/mathworks/services/message/MWMessage;)Ljava/lang/Object;+20
j  com.mathworks.jmi.Matlab.mtFevalConsoleOutput(Ljava/lang/String;[Ljava/lang/Object;I)Ljava/lang/Object;+58
j  com.mathworks.mde.desk.MLDesktop$9.run()V+14
j  com.mathworks.jmi.NativeMatlab.dispatchMTRequests(Z)V+50
v  ~StubRoutines::call_stub

---------------  P R O C E S S  ---------------

Java Threads: ( => current thread )
  0x000000002df45c00 JavaThread "Image Fetcher 0" daemon [_thread_blocked, id=22320, stack(0x0000000047d80000,0x0000000047e00000)]
  0x000000002df46c00 JavaThread "Thread-6045" [_thread_blocked, id=17624, stack(0x0000000046fe0000,0x0000000047060000)]
  0x000000002e5f8000 JavaThread "AWT-EventQueue-0" [_thread_blocked, id=11428, stack(0x0000000047e00000,0x0000000047e80000)]
  0x000000002e5fac00 JavaThread "Thread-1621" [_thread_blocked, id=10148, stack(0x00000000478a0000,0x0000000047920000)]
  0x000000002e5f9400 JavaThread "Timer queue for AWT thread" daemon [_thread_blocked, id=6984, stack(0x00000000482c0000,0x0000000048340000)]
  0x000000002e000400 JavaThread "Timer-468" [_thread_blocked, id=11048, stack(0x0000000047f00000,0x0000000047f80000)]
  0x000000002e5f9c00 JavaThread "pool-2-thread-1" [_thread_blocked, id=33484, stack(0x0000000036a60000,0x0000000036ae0000)]
  0x000000002e5f8800 JavaThread "Timer queue for AWT thread" daemon [_thread_blocked, id=33768, stack(0x0000000047820000,0x00000000478a0000)]
  0x000000002e5f8c00 JavaThread "Thread-691" [_thread_blocked, id=25744, stack(0x00000000477a0000,0x0000000047820000)]
  0x000000002d3f7c00 JavaThread "Thread-473" [_thread_blocked, id=34676, stack(0x0000000047720000,0x00000000477a0000)]
  0x000000002d62d000 JavaThread "Prefs Updater" daemon [_thread_blocked, id=14136, stack(0x000000002f400000,0x000000002f480000)]
  0x000000002d3f7400 JavaThread "Thread-22" [_thread_blocked, id=14096, stack(0x000000002fa80000,0x000000002fb00000)]
  0x000000002d3f6c00 JavaThread "Thread-21" [_thread_blocked, id=13396, stack(0x000000002fa00000,0x000000002fa80000)]
  0x000000002d3f6400 JavaThread "Thread-20" [_thread_blocked, id=14104, stack(0x000000002fb20000,0x000000002fba0000)]
  0x000000002d3f6000 JavaThread "Thread-19" [_thread_blocked, id=14264, stack(0x000000002f980000,0x000000002fa00000)]
  0x000000002d3f5800 JavaThread "Thread-18" [_thread_blocked, id=3896, stack(0x000000002f900000,0x000000002f980000)]
  0x000000002d3f5000 JavaThread "Thread-17" [_thread_blocked, id=14268, stack(0x000000002f880000,0x000000002f900000)]
  0x000000002d3f4800 JavaThread "Thread-16" [_thread_blocked, id=14260, stack(0x000000002f800000,0x000000002f880000)]
  0x000000002d3f4400 JavaThread "Thread-15" [_thread_blocked, id=14324, stack(0x0000000030520000,0x00000000305a0000)]
  0x000000002d630000 JavaThread "Active Reference Queue Daemon" daemon [_thread_blocked, id=14320, stack(0x000000002f780000,0x000000002f800000)]
  0x000000002d62f800 JavaThread "Timer-9" daemon [_thread_blocked, id=14316, stack(0x000000002f700000,0x000000002f780000)]
  0x000000002d62f400 JavaThread "FelixPackageAdmin" daemon [_thread_blocked, id=14312, stack(0x000000002f680000,0x000000002f700000)]
  0x000000002d62dc00 JavaThread "FelixStartLevel" daemon [_thread_blocked, id=14308, stack(0x000000002f600000,0x000000002f680000)]
  0x000000002d62e400 JavaThread "FelixDispatchQueue" [_thread_blocked, id=14304, stack(0x000000002f580000,0x000000002f600000)]
  0x000000002d62ec00 JavaThread "Timer-8" daemon [_thread_blocked, id=14296, stack(0x000000002f500000,0x000000002f580000)]
  0x000000002d559c00 JavaThread "TimerQueue" daemon [_thread_blocked, id=12256, stack(0x0000000027150000,0x00000000271d0000)]
  0x000000002cb45000 JavaThread "AWT-Windows" daemon [_thread_in_native, id=13400, stack(0x00000000269b0000,0x0000000026a30000)]
  0x000000002cb44800 JavaThread "AWT-Shutdown" [_thread_blocked, id=13392, stack(0x0000000026930000,0x00000000269b0000)]
  0x000000002caa2400 JavaThread "Java2D Disposer" daemon [_thread_blocked, id=13244, stack(0x00000000268b0000,0x0000000026930000)]
  0x000000002c388400 JavaThread "Timer-0" [_thread_blocked, id=13352, stack(0x000000002c630000,0x000000002c6b0000)]
  0x000000002c298800 JavaThread "JMI Unnamed Thread" [_thread_in_native, id=12844, stack(0x0000000005f00000,0x0000000006f00000)]
  0x00000000276a6800 JavaThread "Low Memory Detector" daemon [_thread_blocked, id=13344, stack(0x000000002b1b0000,0x000000002b230000)]
  0x000000002769b000 JavaThread "CompilerThread1" daemon [_thread_blocked, id=13348, stack(0x000000002a1b0000,0x000000002b1b0000)]
  0x0000000027695000 JavaThread "CompilerThread0" daemon [_thread_blocked, id=13336, stack(0x00000000291b0000,0x000000002a1b0000)]
  0x0000000027694400 JavaThread "Attach Listener" daemon [_thread_blocked, id=13056, stack(0x0000000029130000,0x00000000291b0000)]
  0x0000000027628800 JavaThread "Finalizer" daemon [_thread_blocked, id=12868, stack(0x00000000290b0000,0x0000000029130000)]
  0x0000000027627c00 JavaThread "Reference Handler" daemon [_thread_blocked, id=6244, stack(0x0000000026720000,0x00000000267a0000)]
=>0x0000000001771400 JavaThread "main" [_thread_in_native, id=13280, stack(0x0000000000030000,0x0000000001030000)]

Other Threads:
  0x000000000182fc00 VMThread [stack: 0x0000000027780000,0x0000000028780000] [id=13416]
  0x00000000276c7c00 WatcherThread [stack: 0x000000002b230000,0x000000002c230000] [id=13420]

VM state:not at safepoint (normal execution)

VM Mutex/Monitor currently owned by a thread: None

Heap
 PSYoungGen      total 20928K, used 9857K [0x000000001f5f0000, 0x0000000020da0000, 0x00000000226f0000)
  eden space 18496K, 53% used [0x000000001f5f0000,0x000000001ff905a8,0x0000000020800000)
  from space 2432K, 0% used [0x0000000020b40000,0x0000000020b40000,0x0000000020da0000)
  to   space 2880K, 0% used [0x0000000020800000,0x0000000020800000,0x0000000020ad0000)
 PSOldGen        total 150528K, used 150527K [0x00000000162f0000, 0x000000001f5f0000, 0x000000001f5f0000)
  object space 150528K, 99% used [0x00000000162f0000,0x000000001f5efdd0,0x000000001f5f0000)
 PSPermGen       total 67648K, used 67590K [0x000000000e2f0000, 0x0000000012500000, 0x00000000162f0000)
  object space 67648K, 99% used [0x000000000e2f0000,0x00000000124f1a98,0x0000000012500000)

Dynamic libraries:
0x0000000140000000 - 0x0000000140038000 	C:\Program Files\MATLAB\R2009b\bin\win64\MATLAB.exe
0x00000000771e0000 - 0x000000007738c000 	C:\windows\SYSTEM32\ntdll.dll
0x00000000770c0000 - 0x00000000771df000 	C:\windows\system32\kernel32.dll
0x000007fefd7e0000 - 0x000007fefd84c000 	C:\windows\system32\KERNELBASE.dll
0x000000007cdb0000 - 0x000000007ceb9000 	C:\Program Files\MATLAB\R2009b\bin\win64\libut.dll
0x000007fefdaa0000 - 0x000007fefdab9000 	C:\windows\system32\imagehlp.dll
0x000007fefe4f0000 - 0x000007fefe58f000 	C:\windows\system32\msvcrt.dll
0x000007fefe310000 - 0x000007fefe3eb000 	C:\windows\system32\ADVAPI32.dll
0x000007fefe2f0000 - 0x000007fefe30f000 	C:\windows\SYSTEM32\sechost.dll
0x000007feff3c0000 - 0x000007feff4ee000 	C:\windows\system32\RPCRT4.dll
0x00000000773a0000 - 0x00000000773a7000 	C:\windows\system32\PSAPI.DLL
0x000000007d620000 - 0x000000007d648000 	C:\Program Files\MATLAB\R2009b\bin\win64\LIBEXPAT.dll
0x00000000710e0000 - 0x00000000711a9000 	C:\windows\WinSxS\amd64_microsoft.vc80.crt_1fc8b3b9a1e18e3b_8.0.50727.6195_none_88e41e092fab0294\MSVCR80.dll
0x000000007d320000 - 0x000000007d44c000 	C:\Program Files\MATLAB\R2009b\bin\win64\icuuc40.dll
0x000000007c760000 - 0x000000007c763000 	C:\Program Files\MATLAB\R2009b\bin\win64\icudt40.dll
0x000000007c770000 - 0x000000007c780000 	C:\Program Files\MATLAB\R2009b\bin\win64\icuio40.dll
0x000000007ca60000 - 0x000000007cbb3000 	C:\Program Files\MATLAB\R2009b\bin\win64\icuin40.dll
0x0000000070fd0000 - 0x00000000710d9000 	C:\windows\WinSxS\amd64_microsoft.vc80.crt_1fc8b3b9a1e18e3b_8.0.50727.6195_none_88e41e092fab0294\MSVCP80.dll
0x0000000076fc0000 - 0x00000000770ba000 	C:\windows\system32\USER32.dll
0x000007fefdff0000 - 0x000007fefe057000 	C:\windows\system32\GDI32.dll
0x000007fefe440000 - 0x000007fefe44e000 	C:\windows\system32\LPK.dll
0x000007fefe220000 - 0x000007fefe2ea000 	C:\windows\system32\USP10.dll
0x0000000078820000 - 0x0000000078890000 	C:\Program Files\MATLAB\R2009b\bin\win64\libmwfl.dll
0x000000007e820000 - 0x000000007e82f000 	C:\Program Files\MATLAB\R2009b\bin\win64\boost_date_time-vc80-mt-1_36.dll
0x000000007e800000 - 0x000000007e816000 	C:\Program Files\MATLAB\R2009b\bin\win64\boost_signals-vc80-mt-1_36.dll
0x000000007dae0000 - 0x000000007dae9000 	C:\Program Files\MATLAB\R2009b\bin\win64\boost_system-vc80-mt-1_36.dll
0x000000007c740000 - 0x000000007c751000 	C:\Program Files\MATLAB\R2009b\bin\win64\boost_thread-vc80-mt-1_36.dll
0x000000007cf70000 - 0x000000007d1e1000 	C:\Program Files\MATLAB\R2009b\bin\win64\libmwservices.dll
0x000000007cec0000 - 0x000000007cf6f000 	C:\Program Files\MATLAB\R2009b\bin\win64\libmx.dll
0x0000000079070000 - 0x0000000079087000 	C:\Program Files\MATLAB\R2009b\bin\win64\zlib1.dll
0x000000007d1f0000 - 0x000000007d318000 	C:\Program Files\MATLAB\R2009b\bin\win64\libmwmathutil.dll
0x000000007a660000 - 0x000000007a6b8000 	C:\Program Files\MATLAB\R2009b\bin\win64\mpath.dll
0x000000007d650000 - 0x000000007d6a1000 	C:\Program Files\MATLAB\R2009b\bin\win64\mlutil.dll
0x00000000787b0000 - 0x00000000787ee000 	C:\Program Files\MATLAB\R2009b\bin\win64\tbb.dll
0x000007fefa090000 - 0x000007fefa130000 	C:\windows\WinSxS\amd64_microsoft.windows.common-controls_6595b64144ccf1df_5.82.7600.16661_none_a44e1fc257f685f6\COMCTL32.dll
0x000007fefe590000 - 0x000007fefe628000 	C:\windows\system32\comdlg32.dll
0x000007fefe060000 - 0x000007fefe0d1000 	C:\windows\system32\SHLWAPI.dll
0x000007fefe630000 - 0x000007feff3b7000 	C:\windows\system32\SHELL32.dll
0x000007fefabd0000 - 0x000007fefabe6000 	C:\windows\system32\NETAPI32.dll
0x000007fefabc0000 - 0x000007fefabcc000 	C:\windows\system32\netutils.dll
0x000007fefcf30000 - 0x000007fefcf53000 	C:\windows\system32\srvcli.dll
0x000007fefaba0000 - 0x000007fefabb5000 	C:\windows\system32\wkscli.dll
0x000007fefe3f0000 - 0x000007fefe43d000 	C:\windows\system32\WS2_32.dll
0x000007fefde00000 - 0x000007fefde08000 	C:\windows\system32\NSI.dll
0x000000007eaa0000 - 0x000000007eabd000 	C:\Program Files\MATLAB\R2009b\bin\win64\boost_filesystem-vc80-mt-1_36.dll
0x000000007acf0000 - 0x000000007ad87000 	C:\Program Files\MATLAB\R2009b\bin\win64\mcr.dll
0x000000007c780000 - 0x000000007c80c000 	C:\Program Files\MATLAB\R2009b\bin\win64\iqm.dll
0x000000007b440000 - 0x000000007bd40000 	C:\Program Files\MATLAB\R2009b\bin\win64\m_interpreter.dll
0x000000007c830000 - 0x000000007c840000 	C:\Program Files\MATLAB\R2009b\bin\win64\libmex.dll
0x000000007ab60000 - 0x000000007ac0b000 	C:\Program Files\MATLAB\R2009b\bin\win64\m_dispatcher.dll
0x000000007e720000 - 0x000000007e7ac000 	C:\Program Files\MATLAB\R2009b\bin\win64\xmlcore.dll
0x000000007a020000 - 0x000000007a2b5000 	C:\Program Files\MATLAB\R2009b\bin\win64\xerces-c_2_7.dll
0x000000007e980000 - 0x000000007ea71000 	C:\Program Files\MATLAB\R2009b\bin\win64\boost_regex-vc80-mt-1_36.dll
0x000000007aa00000 - 0x000000007aa91000 	C:\Program Files\MATLAB\R2009b\bin\win64\profiler.dll
0x000000007c8b0000 - 0x000000007c8da000 	C:\Program Files\MATLAB\R2009b\bin\win64\libmwmathrng.dll
0x0000000078fd0000 - 0x0000000078fea000 	C:\Program Files\MATLAB\R2009b\bin\win64\m_pcodeio.dll
0x000000007a610000 - 0x000000007a65d000 	C:\Program Files\MATLAB\R2009b\bin\win64\m_ir.dll
0x000000007ae40000 - 0x000000007b433000 	C:\Program Files\MATLAB\R2009b\bin\win64\m_parser.dll
0x000000007c810000 - 0x000000007c824000 	C:\Program Files\MATLAB\R2009b\bin\win64\ir_xfmr.dll
0x0000000078890000 - 0x0000000078b39000 	C:\Program Files\MATLAB\R2009b\bin\win64\mcos.dll
0x000000007c8f0000 - 0x000000007c8fc000 	C:\Program Files\MATLAB\R2009b\bin\win64\mtok.dll
0x0000000078fb0000 - 0x0000000078fd0000 	C:\Program Files\MATLAB\R2009b\bin\win64\m_pcodegen.dll
0x000007fef6200000 - 0x000007fef6325000 	C:\windows\system32\dbghelp.dll
0x0000000078ec0000 - 0x0000000078ee4000 	C:\Program Files\MATLAB\R2009b\bin\win64\bridge.dll
0x000000007c3d0000 - 0x000000007c490000 	C:\Program Files\MATLAB\R2009b\bin\win64\udd.dll
0x000000007d450000 - 0x000000007d59d000 	C:\Program Files\MATLAB\R2009b\bin\win64\libmwgui.dll
0x00000000790e0000 - 0x000000007980b000 	C:\Program Files\MATLAB\R2009b\bin\win64\hg.dll
0x0000000078ef0000 - 0x0000000078f2c000 	C:\Program Files\MATLAB\R2009b\bin\win64\libmat.dll
0x000000007cbc0000 - 0x000000007cdae000 	C:\Program Files\MATLAB\R2009b\bin\win64\libhdf5.dll
0x000000007a550000 - 0x000000007a5af000 	C:\Program Files\MATLAB\R2009b\bin\win64\jmi.dll
0x000000007a490000 - 0x000000007a4d0000 	C:\Program Files\MATLAB\R2009b\bin\win64\libmwhardcopy.dll
0x000000007a5b0000 - 0x000000007a60a000 	C:\Program Files\MATLAB\R2009b\bin\win64\libuij.dll
0x0000000078680000 - 0x00000000787ab000 	C:\Program Files\MATLAB\R2009b\bin\win64\hgdatatypes.dll
0x0000000078630000 - 0x000000007867b000 	C:\Program Files\MATLAB\R2009b\bin\win64\hgutils.dll
0x0000000078f30000 - 0x0000000078fa5000 	C:\Program Files\MATLAB\R2009b\bin\win64\libmwlapack.dll
0x000000007c850000 - 0x000000007c863000 	C:\Program Files\MATLAB\R2009b\bin\win64\libmwbinder.dll
0x000000007c490000 - 0x000000007c73e000 	C:\Program Files\MATLAB\R2009b\bin\win64\uiw.dll
0x000000007c930000 - 0x000000007c93a000 	C:\Program Files\MATLAB\R2009b\bin\win64\uinone.dll
0x0000000077800000 - 0x000000007799c000 	C:\windows\WinSxS\amd64_microsoft.vc80.mfc_1fc8b3b9a1e18e3b_8.0.50727.6195_none_8448b2bd328df189\MFC80.DLL
0x000007fef9d40000 - 0x000007fef9db0000 	C:\windows\system32\WINSPOOL.DRV
0x000007fefd890000 - 0x000007fefda92000 	C:\windows\system32\ole32.dll
0x000007fefdb10000 - 0x000007fefdbe7000 	C:\windows\system32\OLEAUT32.dll
0x000000007ad90000 - 0x000000007ae3f000 	C:\Program Files\MATLAB\R2009b\bin\win64\udd_mi.dll
0x0000000078ff0000 - 0x0000000079008000 	C:\Program Files\MATLAB\R2009b\bin\win64\mwoles05.DLL
0x000000007a990000 - 0x000000007a9fa000 	C:\Program Files\MATLAB\R2009b\bin\win64\comcli.dll
0x0000000050040000 - 0x0000000050060000 	C:\windows\WinSxS\amd64_microsoft.vc80.atl_1fc8b3b9a1e18e3b_8.0.50727.6195_none_8a1dd9552ed7f8d8\ATL80.DLL
0x000000007c8e0000 - 0x000000007c8ee000 	C:\Program Files\MATLAB\R2009b\bin\win64\mlautoregister.dll
0x000007fefd2b0000 - 0x000007fefd307000 	C:\windows\system32\apphelp.dll
0x000007fef9010000 - 0x000007fef9061000 	C:\windows\AppPatch\AppPatch64\AcGenral.DLL
0x000007fefd270000 - 0x000007fefd295000 	C:\windows\system32\SspiCli.dll
0x0000000070d50000 - 0x0000000070d53000 	C:\windows\system32\sfc.dll
0x000007fef8a80000 - 0x000007fef8a90000 	C:\windows\system32\sfc_os.DLL
0x000007fefc770000 - 0x000007fefc78e000 	C:\windows\system32\USERENV.dll
0x000007fefd420000 - 0x000007fefd42f000 	C:\windows\system32\profapi.dll
0x000007fefd7b0000 - 0x000007fefd7c8000 	C:\windows\system32\dwmapi.dll
0x000007fef78c0000 - 0x000007fef78d8000 	C:\windows\system32\MPR.dll
0x000007fefe1f0000 - 0x000007fefe21e000 	C:\windows\system32\IMM32.DLL
0x000007fefe0e0000 - 0x000007fefe1e9000 	C:\windows\system32\MSCTF.dll
0x00000000500d0000 - 0x00000000500d9000 	C:\windows\WinSxS\amd64_microsoft.vc80.mfcloc_1fc8b3b9a1e18e3b_8.0.50727.6195_none_bc20f59b0bdd1acd\MFC80CHS.DLL
0x000007fefbb10000 - 0x000007fefbb66000 	C:\windows\system32\uxtheme.dll
0x000007fef7910000 - 0x000007fef798f000 	C:\Program Files\Common Files\microsoft shared\ink\tiptsf.dll
0x000007fefc520000 - 0x000007fefc52c000 	C:\windows\system32\version.dll
0x000007fefb060000 - 0x000007fefb087000 	C:\windows\system32\iphlpapi.dll
0x000007fefb050000 - 0x000007fefb05b000 	C:\windows\system32\WINNSI.DLL
0x000007fefcad0000 - 0x000007fefcb2b000 	C:\windows\system32\DNSAPI.dll
0x000007fef9930000 - 0x000007fef9941000 	C:\windows\system32\dhcpcsvc6.DLL
0x000007fef9800000 - 0x000007fef9818000 	C:\windows\system32\dhcpcsvc.DLL
0x0000000050070000 - 0x0000000050073000 	C:\windows\system32\icmp.Dll
0x000007fefd310000 - 0x000007fefd31f000 	C:\windows\system32\CRYPTBASE.dll
0x000000006d7f0000 - 0x000000006dda8000 	C:\Program Files\MATLAB\R2009b\sys\java\jre\win64\jre\bin\server\jvm.dll
0x000007fefd4d0000 - 0x000007fefd50b000 	C:\windows\system32\WINMM.dll
0x000000007ab10000 - 0x000000007ab1a000 	C:\Program Files\MATLAB\R2009b\sys\java\jre\win64\jre\bin\hpi.dll
0x000000007ab30000 - 0x000000007ab3e000 	C:\Program Files\MATLAB\R2009b\sys\java\jre\win64\jre\bin\verify.dll
0x0000000079090000 - 0x00000000790b7000 	C:\Program Files\MATLAB\R2009b\sys\java\jre\win64\jre\bin\java.dll
0x000000007ab40000 - 0x000000007ab52000 	C:\Program Files\MATLAB\R2009b\sys\java\jre\win64\jre\bin\zip.dll
0x000007fefe450000 - 0x000007fefe4e9000 	C:\windows\system32\CLBCatQ.DLL
0x000007fefa210000 - 0x000007fefa264000 	C:\windows\system32\oleacc.dll
0x0000000079010000 - 0x0000000079032000 	C:\Program Files\MATLAB\R2009b\bin\win64\nativejava.dll
0x0000000079040000 - 0x000000007906b000 	C:\Program Files\MATLAB\R2009b\bin\win64\nativejmi.dll
0x000000007c920000 - 0x000000007c927000 	C:\Program Files\MATLAB\R2009b\bin\win64\nativeservices.dll
0x000000007a2c0000 - 0x000000007a482000 	C:\Program Files\MATLAB\R2009b\sys\java\jre\win64\jre\bin\awt.dll
0x000000007ac10000 - 0x000000007ac7b000 	C:\Program Files\MATLAB\R2009b\sys\java\jre\win64\jre\bin\fontmanager.dll
0x00000000790c0000 - 0x00000000790d7000 	C:\Program Files\MATLAB\R2009b\sys\java\jre\win64\jre\bin\net.dll
0x000007fefcc50000 - 0x000007fefcca4000 	C:\windows\system32\mswsock.dll
0x000007fefcc40000 - 0x000007fefcc47000 	C:\windows\System32\wship6.dll
0x000000007ab20000 - 0x000000007ab2b000 	C:\Program Files\MATLAB\R2009b\sys\java\jre\win64\jre\bin\nio.dll
0x000007fefccb0000 - 0x000007fefccc7000 	C:\windows\system32\CRYPTSP.dll
0x000007fefc9b0000 - 0x000007fefc9f7000 	C:\windows\system32\rsaenh.dll

VM Arguments:
jvm_args: -Xss512k -XX:PermSize=32m -Xms64m -XX:NewRatio=3 -XX:MaxPermSize=128m -Xmx196m -XX:MaxDirectMemorySize=2147400000 -Dsun.java2d.noddraw=true -Dsun.awt.nopixfmt=true -Xshare:off -Xrs -Djava.library.path=C:\Program Files\MATLAB\R2009b\bin\win64 vfprintf abort 
java_command: <unknown>
Launcher Type: generic

Environment Variables:
PATH=C:\TEMPO;C:\WinAVR-20090313\bin;C:\WinAVR-20090313\utils\bin;C:\Program Files (x86)\NVIDIA Corporation\PhysX\Common;C:\windows\system32;C:\windows;C:\windows\System32\Wbem;C:\windows\System32\WindowsPowerShell\v1.0\;C:\Program Files\Intel\DMIX;C:\Program Files\MATLAB\R2009b\runtime\win64;C:\Program Files\MATLAB\R2009b\bin;C:\Program Files (x86)\Microsoft SQL Server\100\Tools\Binn\;C:\Program Files\Microsoft SQL Server\100\Tools\Binn\;C:\Program Files\Microsoft SQL Server\100\DTS\Binn\;C:\Program Files\TortoiseSVN\bin
USERNAME=Han
OS=Windows_NT
PROCESSOR_IDENTIFIER=Intel64 Family 6 Model 42 Stepping 7, GenuineIntel



---------------  S Y S T E M  ---------------

OS: Windows NT 6.1 Build 7600 

CPU:total 4 (8 cores per cpu, 2 threads per core) family 6 model 10 stepping 7, cmov, cx8, fxsr, mmx, sse, sse2, sse3, ssse3, ht

Memory: 4k page, physical 8346028k(3961388k free), swap 16690148k(11304952k free)

vm_info: Java HotSpot(TM) 64-Bit Server VM (11.2-b01) for windows-amd64 JRE (1.6.0_12-b04), built on Jan 17 2009 01:49:05 by "java_re" with MS VC++ 8.0

time: Wed Sep 04 10:38:53 2013
elapsed time: 150048 seconds

